<?xml version="1.0" encoding="UTF-8"?>
<!-- Generated by org.testng.reporters.JUnitXMLReporter -->
<testsuite ignored="0" hostname="PE-HO-223" failures="1" tests="2" name="Test" time="50.217" errors="0" timestamp="2022-03-08T11:40:10 COT">
  <testcase classname="com.testNG.RunTestNG" name="Ingresar_Direccion" time="39.746">
    <failure type="java.lang.AssertionError" message="expected [true] but found [false]">
      <![CDATA[java.lang.AssertionError: expected [true] but found [false]
at com.testNG.RunTestNG.Ingresar_Direccion(RunTestNG.java:125)
at java.base/java.util.ArrayList.forEach(ArrayList.java:1511)
... Removed 32 stack frames]]>
    </failure>
  </testcase> <!-- Ingresar_Direccion -->
  <testcase classname="com.testNG.RunTestNG" name="Pagar_Factura" time="0.004"/>
</testsuite> <!-- Test -->
