<?xml version="1.0" encoding="UTF-8"?>
<testng-results ignored="0" total="2" passed="1" failed="1" skipped="0">
  <reporter-output>
  </reporter-output>
  <suite started-at="2022-03-08T11:39:20 COT" name="Suite" finished-at="2022-03-08T11:40:10 COT" duration-ms="50217">
    <groups>
    </groups>
    <test started-at="2022-03-08T11:39:20 COT" name="Test" finished-at="2022-03-08T11:40:10 COT" duration-ms="50217">
      <class name="com.testNG.RunTestNG">
        <test-method is-config="true" signature="beforeClass(java.lang.String, java.lang.String, java.lang.String, java.lang.String, java.lang.String, java.lang.String, java.lang.String, java.lang.String, java.lang.String)[pri:0, instance:com.testNG.RunTestNG@460d0a57]" started-at="2022-03-08T11:39:20 COT" name="beforeClass" finished-at="2022-03-08T11:39:29 COT" duration-ms="8873" status="PASS">
          <params>
            <param index="0">
              <value>
                <![CDATA[./Output/]]>
              </value>
            </param>
            <param index="1">
              <value>
                <![CDATA[./Imagenes/contac_business.png]]>
              </value>
            </param>
            <param index="2">
              <value>
                <![CDATA[Android]]>
              </value>
            </param>
            <param index="3">
              <value>
                <![CDATA[ZY32BRD3QT]]>
              </value>
            </param>
            <param index="4">
              <value>
                <![CDATA[11]]>
              </value>
            </param>
            <param index="5">
              <value>
                <![CDATA[com.clarocolombia.miclaro.debug]]>
              </value>
            </param>
            <param index="6">
              <value>
                <![CDATA[com.clarocolombia.miclaro.activities.Splash]]>
              </value>
            </param>
            <param index="7">
              <value>
                <![CDATA[true]]>
              </value>
            </param>
            <param index="8">
              <value>
                <![CDATA[true]]>
              </value>
            </param>
          </params>
          <reporter-output>
          </reporter-output>
        </test-method> <!-- beforeClass -->
        <test-method signature="Ingresar_Direccion(java.lang.String, java.lang.String, java.lang.String, java.lang.String, java.lang.String, java.lang.String, java.lang.String, java.lang.String, java.lang.String, java.lang.String, java.lang.String, java.lang.String, java.lang.String, java.lang.String, java.lang.String, java.lang.String, java.lang.String, java.lang.String)[pri:0, instance:com.testNG.RunTestNG@460d0a57]" started-at="2022-03-08T11:39:30 COT" name="Ingresar_Direccion" description="CAMBIO DE DIRECCIÓN" data-provider="Ingreso" finished-at="2022-03-08T11:40:09 COT" duration-ms="39746" status="FAIL">
          <params>
            <param index="0">
              <value>
                <![CDATA[SI]]>
              </value>
            </param>
            <param index="1">
              <value>
                <![CDATA[SI]]>
              </value>
            </param>
            <param index="2">
              <value>
                <![CDATA[pruebitasportal202179@yoggm.com]]>
              </value>
            </param>
            <param index="3">
              <value>
                <![CDATA[Claro1234]]>
              </value>
            </param>
            <param index="4">
              <value>
                <![CDATA[BOGOTA]]>
              </value>
            </param>
            <param index="5">
              <value>
                <![CDATA[BOGOTÁ, D.C.]]>
              </value>
            </param>
            <param index="6">
              <value>
                <![CDATA[Tres Reyes]]>
              </value>
            </param>
            <param index="7">
              <value>
                <![CDATA[Carrera]]>
              </value>
            </param>
            <param index="8">
              <value>
                <![CDATA[77]]>
              </value>
            </param>
            <param index="9">
              <value>
                <![CDATA[C]]>
              </value>
            </param>
            <param index="10">
              <value>
                <![CDATA[63]]>
              </value>
            </param>
            <param index="11">
              <value>
                <![CDATA[Sur]]>
              </value>
            </param>
            <param index="12">
              <value>
                <![CDATA[90]]>
              </value>
            </param>
            <param index="13">
              <value>
                <![CDATA[Apartamento]]>
              </value>
            </param>
            <param index="14">
              <value>
                <![CDATA[101]]>
              </value>
            </param>
            <param index="15">
              <value>
                <![CDATA[3100847213]]>
              </value>
            </param>
            <param index="16">
              <value>
                <![CDATA[Hola]]>
              </value>
            </param>
            <param index="17">
              <value>
                <![CDATA[Mundo]]>
              </value>
            </param>
          </params>
          <exception class="java.lang.AssertionError">
            <message>
              <![CDATA[expected [true] but found [false]]]>
            </message>
            <full-stacktrace>
              <![CDATA[java.lang.AssertionError: expected [true] but found [false]
at org.testng.Assert.fail(Assert.java:97)
at org.testng.Assert.assertEqualsImpl(Assert.java:136)
at org.testng.Assert.assertEquals(Assert.java:118)
at org.testng.Assert.assertEquals(Assert.java:751)
at org.testng.Assert.assertEquals(Assert.java:761)
at com.testNG.RunTestNG.Ingresar_Direccion(RunTestNG.java:125)
at java.base/jdk.internal.reflect.NativeMethodAccessorImpl.invoke0(Native Method)
at java.base/jdk.internal.reflect.NativeMethodAccessorImpl.invoke(NativeMethodAccessorImpl.java:77)
at java.base/jdk.internal.reflect.DelegatingMethodAccessorImpl.invoke(DelegatingMethodAccessorImpl.java:43)
at java.base/java.lang.reflect.Method.invoke(Method.java:568)
at org.testng.internal.MethodInvocationHelper.invokeMethod(MethodInvocationHelper.java:134)
at org.testng.internal.TestInvoker.invokeMethod(TestInvoker.java:597)
at org.testng.internal.TestInvoker.invokeTestMethod(TestInvoker.java:173)
at org.testng.internal.MethodRunner.runInSequence(MethodRunner.java:46)
at org.testng.internal.TestInvoker$MethodInvocationAgent.invoke(TestInvoker.java:816)
at org.testng.internal.TestInvoker.invokeTestMethods(TestInvoker.java:146)
at org.testng.internal.TestMethodWorker.invokeTestMethods(TestMethodWorker.java:146)
at org.testng.internal.TestMethodWorker.run(TestMethodWorker.java:128)
at java.base/java.util.ArrayList.forEach(ArrayList.java:1511)
at org.testng.TestRunner.privateRun(TestRunner.java:766)
at org.testng.TestRunner.run(TestRunner.java:587)
at org.testng.SuiteRunner.runTest(SuiteRunner.java:384)
at org.testng.SuiteRunner.runSequentially(SuiteRunner.java:378)
at org.testng.SuiteRunner.privateRun(SuiteRunner.java:337)
at org.testng.SuiteRunner.run(SuiteRunner.java:286)
at org.testng.SuiteRunnerWorker.runSuite(SuiteRunnerWorker.java:53)
at org.testng.SuiteRunnerWorker.run(SuiteRunnerWorker.java:96)
at org.testng.TestNG.runSuitesSequentially(TestNG.java:1187)
at org.testng.TestNG.runSuitesLocally(TestNG.java:1109)
at org.testng.TestNG.runSuites(TestNG.java:1039)
at org.testng.TestNG.run(TestNG.java:1007)
at org.testng.remote.AbstractRemoteTestNG.run(AbstractRemoteTestNG.java:115)
at org.testng.remote.RemoteTestNG.initAndRun(RemoteTestNG.java:251)
at org.testng.remote.RemoteTestNG.main(RemoteTestNG.java:77)
]]>
            </full-stacktrace>
          </exception> <!-- java.lang.AssertionError -->
          <reporter-output>
          </reporter-output>
        </test-method> <!-- Ingresar_Direccion -->
        <test-method signature="Pagar_Factura(java.lang.String, java.lang.String, java.lang.String, java.lang.String, java.lang.String, java.lang.String, java.lang.String, java.lang.String, java.lang.String, java.lang.String, java.lang.String, java.lang.String, java.lang.String, java.lang.String)[pri:0, instance:com.testNG.RunTestNG@460d0a57]" started-at="2022-03-08T11:40:09 COT" name="Pagar_Factura" description="CAMBIO DE DIRECCIÓN" data-provider="PagoFactu" finished-at="2022-03-08T11:40:09 COT" duration-ms="4" status="PASS">
          <params>
            <param index="0">
              <value>
                <![CDATA[NO]]>
              </value>
            </param>
            <param index="1">
              <value>
                <![CDATA[NO]]>
              </value>
            </param>
            <param index="2">
              <value>
                <![CDATA[pruebitasportal202179@yoggm.com]]>
              </value>
            </param>
            <param index="3">
              <value>
                <![CDATA[Claro1234]]>
              </value>
            </param>
            <param index="4">
              <value>
                <![CDATA[4294962033168467]]>
              </value>
            </param>
            <param index="5">
              <value>
                <![CDATA[01]]>
              </value>
            </param>
            <param index="6">
              <value>
                <![CDATA[2023]]>
              </value>
            </param>
            <param index="7">
              <value>
                <![CDATA[490]]>
              </value>
            </param>
            <param index="8">
              <value>
                <![CDATA[7]]>
              </value>
            </param>
            <param index="9">
              <value>
                <![CDATA[Periferia Corp]]>
              </value>
            </param>
            <param index="10">
              <value>
                <![CDATA[NIT (Número Identificación Tributaria)]]>
              </value>
            </param>
            <param index="11">
              <value>
                <![CDATA[90150512-9]]>
              </value>
            </param>
            <param index="12">
              <value>
                <![CDATA[60800800]]>
              </value>
            </param>
            <param index="13">
              <value>
                <![CDATA[presidencia@periferiait.com]]>
              </value>
            </param>
          </params>
          <reporter-output>
          </reporter-output>
        </test-method> <!-- Pagar_Factura -->
        <test-method is-config="true" signature="afterClass()[pri:0, instance:com.testNG.RunTestNG@460d0a57]" started-at="2022-03-08T11:40:09 COT" name="afterClass" finished-at="2022-03-08T11:40:10 COT" duration-ms="560" status="PASS">
          <reporter-output>
          </reporter-output>
        </test-method> <!-- afterClass -->
      </class> <!-- com.testNG.RunTestNG -->
    </test> <!-- Test -->
  </suite> <!-- Suite -->
</testng-results>
